<?xml version="1.0" encoding="UTF-8"?>
<!-- Generated by org.testng.reporters.JUnitReportReporter -->
<testsuite hostname="Yathirv" failures="0" tests="1" name="GoogleTest" time="10.591" errors="0" timestamp="2022-02-05T14:18:43 IST" skipped="0">
  <testcase classname="GoogleTest" name="HomePageCheck" time="10.591"/>
  <system-out/>
</testsuite> <!-- GoogleTest -->
