<?xml version="1.0" encoding="UTF-8"?>
<!-- Generated by org.testng.reporters.JUnitReportReporter -->
<testsuite hostname="Yathirv" failures="0" tests="1" name="remoTest" time="7.199" errors="0" timestamp="2022-02-05T14:15:05 IST" skipped="0">
  <testcase classname="remoTest" name="Check" time="7.199"/>
  <system-out/>
</testsuite> <!-- remoTest -->
